<?xml version="1.0" encoding="UTF-8"?>
<!-- Generated by org.testng.reporters.JUnitReportReporter -->
<testsuite hostname="DESKTOP-7MR7K0D" failures="0" tests="1" name="practice_RestAssured.GetAllProjects" time="4.427" errors="0" timestamp="2022-02-12T09:28:05 IST" skipped="0">
  <testcase classname="practice_RestAssured.GetAllProjects" name="getallresourse" time="4.427"/>
  <system-out/>
</testsuite> <!-- practice_RestAssured.GetAllProjects -->
