<?xml version="1.0" encoding="UTF-8"?>
<!-- Generated by org.testng.reporters.JUnitReportReporter -->
<testsuite hostname="DESKTOP-7MR7K0D" failures="0" tests="1" name="practice_RestAssured.Create_Project_and_Allocate_USER" time="6.763" errors="0" timestamp="2022-02-12T10:09:17 IST" skipped="0">
  <testcase classname="practice_RestAssured.Create_Project_and_Allocate_USER" name="Create_Project_and_Allocate_USER" time="6.763"/>
  <system-out/>
</testsuite> <!-- practice_RestAssured.Create_Project_and_Allocate_USER -->
