<?xml version="1.0" encoding="UTF-8"?>
<!-- Generated by org.testng.reporters.JUnitReportReporter -->
<testsuite hostname="DESKTOP-7MR7K0D" failures="0" tests="1" name="practice_RestAssured.AddSingleProjectWithCreatedStatus" time="5.010" errors="0" timestamp="2022-02-11T18:04:57 IST" skipped="0">
  <testcase classname="practice_RestAssured.AddSingleProjectWithCreatedStatus" name="addSingleProjectWithCreatedStatus" time="5.010"/>
  <system-out/>
</testsuite> <!-- practice_RestAssured.AddSingleProjectWithCreatedStatus -->
