<?xml version="1.0" encoding="UTF-8"?>
<!-- Generated by org.testng.reporters.JUnitReportReporter -->
<testsuite hostname="DESKTOP-7MR7K0D" failures="0" tests="1" name="practice_RestAssured.GetAlltheProjectsIDAndValidateWRTDataBase" time="3.626" errors="0" timestamp="2022-02-12T09:31:58 IST" skipped="0">
  <testcase classname="practice_RestAssured.GetAlltheProjectsIDAndValidateWRTDataBase" name="getallprojectid" time="3.626"/>
  <system-out/>
</testsuite> <!-- practice_RestAssured.GetAlltheProjectsIDAndValidateWRTDataBase -->
